<?xml version="1.0" encoding="UTF-8"?>
<!-- Generated by org.testng.reporters.JUnitXMLReporter -->
<testsuite ignored="6" hostname="DESKTOP-6ITAQL4" failures="0" tests="1" name="Default test" time="5.072" errors="0" timestamp="2024-07-15T16:40:11 IST">
  <testcase classname="APIevaluation.Beeceptors1" name="get2" time="4.971"/>
  <testcase classname="APIevaluation.Beeceptors1" name="post3" time="0.0">
    <ignored/>
  </testcase> <!-- post3 -->
  <testcase classname="APIevaluation.Beeceptors1" name="get" time="0.0">
    <ignored/>
  </testcase> <!-- get -->
  <testcase classname="APIevaluation.Beeceptors1" name="post2" time="0.0">
    <ignored/>
  </testcase> <!-- post2 -->
  <testcase classname="APIevaluation.Beeceptors1" name="post4" time="0.0">
    <ignored/>
  </testcase> <!-- post4 -->
  <testcase classname="APIevaluation.Beeceptors1" name="post1" time="0.0">
    <ignored/>
  </testcase> <!-- post1 -->
  <testcase classname="APIevaluation.Beeceptors1" name="get1" time="0.0">
    <ignored/>
  </testcase> <!-- get1 -->
</testsuite> <!-- Default test -->
