<?xml version="1.0" encoding="UTF-8"?>
<testng-results ignored="6" total="7" passed="1" failed="0" skipped="0">
  <reporter-output>
  </reporter-output>
  <suite started-at="2024-07-15T16:40:05 IST" name="Default suite" finished-at="2024-07-15T16:40:11 IST" duration-ms="5072">
    <groups>
    </groups>
    <test started-at="2024-07-15T16:40:05 IST" name="Default test" finished-at="2024-07-15T16:40:11 IST" duration-ms="5072">
      <class name="APIevaluation.Beeceptors1">
        <test-method signature="get2()[pri:0, instance:APIevaluation.Beeceptors1@66f57048]" started-at="2024-07-15T16:40:06 IST" name="get2" finished-at="2024-07-15T16:40:10 IST" duration-ms="4971" status="PASS">
          <reporter-output>
          </reporter-output>
        </test-method> <!-- get2 -->
      </class> <!-- APIevaluation.Beeceptors1 -->
    </test> <!-- Default test -->
  </suite> <!-- Default suite -->
</testng-results>
